2023-11-19 20:41:25, INFO: Using device: cpu
2023-11-19 20:41:25, INFO: human number: 5
2023-11-19 20:41:25, INFO: Not randomize human's radius and preferred speed
2023-11-19 20:41:25, INFO: Training simulation: circle_crossing, test simulation: circle_crossing
2023-11-19 20:41:25, INFO: Square width: 9.0, circle width: 4.0
2023-11-19 20:41:25, INFO: Using robot policy: rnnsac
2023-11-19 20:41:25, INFO: saclstm_episode:0, reward:0.01, memory size:81, time:20.25, info:Timeout
2023-11-19 20:41:25, INFO: saclstm_episode:1, reward:-0.04, memory size:162, time:20.25, info:Timeout
2023-11-19 20:41:26, INFO: saclstm_episode:2, reward:-0.25, memory size:188, time:6.50, info:Collision
2023-11-19 20:41:26, INFO: saclstm_episode:3, reward:-0.31, memory size:230, time:10.50, info:Collision
2023-11-19 20:41:26, INFO: saclstm_episode:4, reward:-0.28, memory size:299, time:17.25, info:Collision
2023-11-19 20:41:26, INFO: saclstm_episode:5, reward:-0.00, memory size:380, time:20.25, info:Timeout
2023-11-19 20:41:26, INFO: saclstm_episode:6, reward:0.06, memory size:461, time:20.25, info:Timeout
2023-11-19 20:41:26, INFO: saclstm_episode:7, reward:-0.03, memory size:542, time:20.25, info:Timeout
2023-11-19 20:41:26, INFO: saclstm_episode:8, reward:-0.01, memory size:623, time:20.25, info:Timeout
2023-11-19 20:41:26, INFO: saclstm_episode:9, reward:-0.23, memory size:655, time:8.00, info:Collision
2023-11-19 20:41:26, INFO: saclstm_episode:10, reward:-0.06, memory size:736, time:20.25, info:Timeout
2023-11-19 20:41:26, INFO: saclstm_episode:11, reward:0.01, memory size:817, time:20.25, info:Timeout
2023-11-19 20:41:26, INFO: saclstm_episode:12, reward:-0.02, memory size:898, time:20.25, info:Timeout
2023-11-19 20:41:26, INFO: saclstm_episode:13, reward:-0.26, memory size:929, time:7.75, info:Collision
2023-11-19 20:41:27, INFO: saclstm_episode:14, reward:-0.28, memory size:980, time:12.75, info:Collision
2023-11-19 20:41:27, INFO: saclstm_episode:15, reward:-0.00, memory size:1061, time:20.25, info:Timeout
2023-11-19 20:41:27, INFO: saclstm_episode:16, reward:0.03, memory size:1142, time:20.25, info:Timeout
2023-11-19 20:41:27, INFO: saclstm_episode:17, reward:0.03, memory size:1223, time:20.25, info:Timeout
2023-11-19 20:41:27, INFO: saclstm_episode:18, reward:-0.28, memory size:1255, time:8.00, info:Collision
2023-11-19 20:41:27, INFO: saclstm_episode:19, reward:-0.23, memory size:1289, time:8.50, info:Collision
2023-11-19 20:41:27, INFO: saclstm_episode:20, reward:-0.05, memory size:1370, time:20.25, info:Timeout
2023-11-19 20:41:27, INFO: saclstm_episode:21, reward:-0.25, memory size:1445, time:18.75, info:Collision
2023-11-19 20:41:27, INFO: saclstm_episode:22, reward:-0.00, memory size:1526, time:20.25, info:Timeout
2023-11-19 20:41:27, INFO: saclstm_episode:23, reward:0.01, memory size:1607, time:20.25, info:Timeout
2023-11-19 20:41:27, INFO: saclstm_episode:24, reward:-0.26, memory size:1638, time:7.75, info:Collision
2023-11-19 20:41:28, INFO: saclstm_episode:25, reward:-0.00, memory size:1719, time:20.25, info:Timeout
2023-11-19 20:41:28, INFO: saclstm_episode:26, reward:-0.01, memory size:1800, time:20.25, info:Timeout
2023-11-19 20:41:28, INFO: saclstm_episode:27, reward:-0.26, memory size:1835, time:8.75, info:Collision
2023-11-19 20:41:28, INFO: saclstm_episode:28, reward:-0.32, memory size:1902, time:16.75, info:Collision
2023-11-19 20:41:28, INFO: saclstm_episode:29, reward:-0.25, memory size:1932, time:7.50, info:Collision
2023-11-19 20:41:28, INFO: saclstm_episode:30, reward:0.01, memory size:2013, time:20.25, info:Timeout
2023-11-19 20:41:28, INFO: saclstm_episode:31, reward:-0.02, memory size:2094, time:20.25, info:Timeout
2023-11-19 20:41:28, INFO: saclstm_episode:32, reward:-0.26, memory size:2128, time:8.50, info:Collision
2023-11-19 20:41:28, INFO: saclstm_episode:33, reward:-0.26, memory size:2163, time:8.75, info:Collision
2023-11-19 20:41:28, INFO: saclstm_episode:34, reward:-0.03, memory size:2244, time:20.25, info:Timeout
2023-11-19 20:41:28, INFO: saclstm_episode:35, reward:-0.01, memory size:2325, time:20.25, info:Timeout
2023-11-19 20:41:28, INFO: saclstm_episode:36, reward:-0.26, memory size:2356, time:7.75, info:Collision
2023-11-19 20:41:29, INFO: saclstm_episode:37, reward:-0.04, memory size:2437, time:20.25, info:Timeout
2023-11-19 20:41:29, INFO: saclstm_episode:38, reward:0.01, memory size:2518, time:20.25, info:Timeout
2023-11-19 20:41:29, INFO: saclstm_episode:39, reward:0.01, memory size:2599, time:20.25, info:Timeout
2023-11-19 20:41:29, INFO: saclstm_episode:40, reward:-0.02, memory size:2680, time:20.25, info:Timeout
2023-11-19 20:41:29, INFO: saclstm_episode:41, reward:-0.04, memory size:2761, time:20.25, info:Timeout
2023-11-19 20:41:29, INFO: saclstm_episode:42, reward:-0.27, memory size:2803, time:10.50, info:Collision
2023-11-19 20:41:29, INFO: saclstm_episode:43, reward:-0.31, memory size:2882, time:19.75, info:Collision
2023-11-19 20:41:29, INFO: saclstm_episode:44, reward:-0.02, memory size:2963, time:20.25, info:Timeout
2023-11-19 20:41:29, INFO: saclstm_episode:45, reward:0.02, memory size:3044, time:20.25, info:Timeout
2023-11-19 20:41:29, INFO: saclstm_episode:46, reward:-0.30, memory size:3096, time:13.00, info:Collision
2023-11-19 20:41:30, INFO: saclstm_episode:47, reward:-0.05, memory size:3177, time:20.25, info:Timeout
2023-11-19 20:41:30, INFO: saclstm_episode:48, reward:-0.26, memory size:3246, time:17.25, info:Collision
2023-11-19 20:41:30, INFO: saclstm_episode:49, reward:-0.06, memory size:3327, time:20.25, info:Timeout
2023-11-19 20:41:30, INFO: saclstm_episode:50, reward:-0.24, memory size:3385, time:14.50, info:Collision
2023-11-19 20:41:30, INFO: saclstm_episode:51, reward:-0.03, memory size:3466, time:20.25, info:Timeout
2023-11-19 20:41:30, INFO: saclstm_episode:52, reward:0.03, memory size:3547, time:20.25, info:Timeout
2023-11-19 20:41:30, INFO: saclstm_episode:53, reward:-0.00, memory size:3628, time:20.25, info:Timeout
2023-11-19 20:41:30, INFO: saclstm_episode:54, reward:-0.01, memory size:3709, time:20.25, info:Timeout
2023-11-19 20:41:30, INFO: saclstm_episode:55, reward:-0.00, memory size:3790, time:20.25, info:Timeout
2023-11-19 20:41:30, INFO: saclstm_episode:56, reward:-0.27, memory size:3817, time:6.75, info:Collision
2023-11-19 20:41:30, INFO: saclstm_episode:57, reward:-0.26, memory size:3850, time:8.25, info:Collision
2023-11-19 20:41:30, INFO: saclstm_episode:58, reward:-0.26, memory size:3881, time:7.75, info:Collision
2023-11-19 20:41:31, INFO: saclstm_episode:59, reward:-0.03, memory size:3962, time:20.25, info:Timeout
2023-11-19 20:41:31, INFO: saclstm_episode:60, reward:-0.27, memory size:4008, time:11.50, info:Collision
2023-11-19 20:41:31, INFO: saclstm_episode:61, reward:0.01, memory size:4089, time:20.25, info:Timeout
2023-11-19 20:41:31, INFO: saclstm_episode:62, reward:0.01, memory size:4170, time:20.25, info:Timeout
2023-11-19 20:41:31, INFO: saclstm_episode:63, reward:-0.03, memory size:4251, time:20.25, info:Timeout
2023-11-19 20:41:31, INFO: saclstm_episode:64, reward:0.01, memory size:4332, time:20.25, info:Timeout
2023-11-19 20:41:31, INFO: saclstm_episode:65, reward:0.02, memory size:4413, time:20.25, info:Timeout
2023-11-19 20:41:31, INFO: saclstm_episode:66, reward:-0.01, memory size:4494, time:20.25, info:Timeout
2023-11-19 20:41:31, INFO: saclstm_episode:67, reward:0.01, memory size:4575, time:20.25, info:Timeout
2023-11-19 20:41:31, INFO: saclstm_episode:68, reward:-0.03, memory size:4656, time:20.25, info:Timeout
2023-11-19 20:41:32, INFO: saclstm_episode:69, reward:-0.02, memory size:4737, time:20.25, info:Timeout
2023-11-19 20:41:32, INFO: saclstm_episode:70, reward:0.00, memory size:4818, time:20.25, info:Timeout
2023-11-19 20:41:32, INFO: saclstm_episode:71, reward:-0.24, memory size:4851, time:8.25, info:Collision
2023-11-19 20:41:32, INFO: saclstm_episode:72, reward:-0.03, memory size:4932, time:20.25, info:Timeout
2023-11-19 20:41:32, INFO: saclstm_episode:73, reward:-0.25, memory size:4937, time:1.25, info:Collision
2023-11-19 20:41:32, INFO: saclstm_episode:74, reward:0.01, memory size:5018, time:20.25, info:Timeout
2023-11-19 20:41:32, INFO: saclstm_episode:75, reward:0.01, memory size:5099, time:20.25, info:Timeout
2023-11-19 20:41:32, INFO: saclstm_episode:76, reward:0.10, memory size:5180, time:20.25, info:Timeout
2023-11-19 20:41:32, INFO: saclstm_episode:77, reward:-0.06, memory size:5261, time:20.25, info:Timeout
2023-11-19 20:41:32, INFO: saclstm_episode:78, reward:0.03, memory size:5342, time:20.25, info:Timeout
2023-11-19 20:41:32, INFO: saclstm_episode:79, reward:-0.00, memory size:5423, time:20.25, info:Timeout
2023-11-19 20:41:33, INFO: saclstm_episode:80, reward:-0.02, memory size:5504, time:20.25, info:Timeout
2023-11-19 20:41:33, INFO: saclstm_episode:81, reward:0.02, memory size:5585, time:20.25, info:Timeout
2023-11-19 20:41:33, INFO: saclstm_episode:82, reward:-0.05, memory size:5666, time:20.25, info:Timeout
2023-11-19 20:41:33, INFO: saclstm_episode:83, reward:-0.01, memory size:5747, time:20.25, info:Timeout
2023-11-19 20:41:33, INFO: saclstm_episode:84, reward:-0.07, memory size:5828, time:20.25, info:Timeout
2023-11-19 20:41:33, INFO: saclstm_episode:85, reward:-0.30, memory size:5888, time:15.00, info:Collision
2023-11-19 20:41:33, INFO: saclstm_episode:86, reward:-0.35, memory size:5948, time:15.00, info:Collision
2023-11-19 20:41:33, INFO: saclstm_episode:87, reward:0.01, memory size:6029, time:20.25, info:Timeout
2023-11-19 20:41:34, INFO: saclstm_episode:88, reward:-0.00, memory size:6110, time:20.25, info:Timeout
2023-11-19 20:41:34, INFO: saclstm_episode:89, reward:-0.02, memory size:6191, time:20.25, info:Timeout
2023-11-19 20:41:34, INFO: saclstm_episode:90, reward:-0.04, memory size:6272, time:20.25, info:Timeout
2023-11-19 20:41:34, INFO: saclstm_episode:91, reward:-0.04, memory size:6353, time:20.25, info:Timeout
2023-11-19 20:41:34, INFO: saclstm_episode:92, reward:-0.28, memory size:6394, time:10.25, info:Collision
2023-11-19 20:41:34, INFO: saclstm_episode:93, reward:-0.02, memory size:6475, time:20.25, info:Timeout
2023-11-19 20:41:34, INFO: saclstm_episode:94, reward:-0.02, memory size:6556, time:20.25, info:Timeout
2023-11-19 20:41:35, INFO: saclstm_episode:95, reward:0.03, memory size:6637, time:20.25, info:Timeout
2023-11-19 20:41:35, INFO: saclstm_episode:96, reward:0.03, memory size:6718, time:20.25, info:Timeout
2023-11-19 20:41:35, INFO: saclstm_episode:97, reward:-0.30, memory size:6795, time:19.25, info:Collision
2023-11-19 20:41:35, INFO: saclstm_episode:98, reward:0.03, memory size:6876, time:20.25, info:Timeout
2023-11-19 20:41:35, INFO: saclstm_episode:99, reward:-0.29, memory size:6917, time:10.25, info:Collision
2023-11-19 20:41:35, INFO: saclstm_episode:100, reward:0.03, memory size:6998, time:20.25, info:Timeout
2023-11-19 20:41:36, INFO: saclstm_episode:101, reward:0.01, memory size:7079, time:20.25, info:Timeout
2023-11-19 20:41:36, INFO: saclstm_episode:102, reward:-0.04, memory size:7160, time:20.25, info:Timeout
2023-11-19 20:41:36, INFO: saclstm_episode:103, reward:0.01, memory size:7241, time:20.25, info:Timeout
2023-11-19 20:41:36, INFO: saclstm_episode:104, reward:-0.01, memory size:7322, time:20.25, info:Timeout
2023-11-19 20:41:36, INFO: saclstm_episode:105, reward:0.01, memory size:7403, time:20.25, info:Timeout
2023-11-19 20:41:36, INFO: saclstm_episode:106, reward:0.00, memory size:7484, time:20.25, info:Timeout
2023-11-19 20:41:37, INFO: saclstm_episode:107, reward:-0.03, memory size:7565, time:20.25, info:Timeout
2023-11-19 20:41:37, INFO: saclstm_episode:108, reward:0.02, memory size:7646, time:20.25, info:Timeout
2023-11-19 20:41:37, INFO: saclstm_episode:109, reward:0.04, memory size:7727, time:20.25, info:Timeout
2023-11-19 20:41:37, INFO: saclstm_episode:110, reward:-0.03, memory size:7808, time:20.25, info:Timeout
2023-11-19 20:41:37, INFO: saclstm_episode:111, reward:-0.00, memory size:7889, time:20.25, info:Timeout
2023-11-19 20:41:37, INFO: saclstm_episode:112, reward:-0.01, memory size:7970, time:20.25, info:Timeout
2023-11-19 20:41:38, INFO: saclstm_episode:113, reward:0.00, memory size:8051, time:20.25, info:Timeout
2023-11-19 20:41:38, INFO: saclstm_episode:114, reward:0.00, memory size:8132, time:20.25, info:Timeout
2023-11-19 20:41:38, INFO: saclstm_episode:115, reward:-0.01, memory size:8213, time:20.25, info:Timeout
2023-11-19 20:41:38, INFO: saclstm_episode:116, reward:-0.00, memory size:8294, time:20.25, info:Timeout
2023-11-19 20:41:38, INFO: saclstm_episode:117, reward:-0.24, memory size:8325, time:7.75, info:Collision
2023-11-19 20:41:38, INFO: saclstm_episode:118, reward:-0.26, memory size:8356, time:7.75, info:Collision
2023-11-19 20:41:39, INFO: saclstm_episode:119, reward:0.04, memory size:8437, time:20.25, info:Timeout
2023-11-19 20:41:39, INFO: saclstm_episode:120, reward:-0.26, memory size:8491, time:13.50, info:Collision
2023-11-19 20:41:39, INFO: saclstm_episode:121, reward:0.01, memory size:8572, time:20.25, info:Timeout
2023-11-19 20:41:39, INFO: saclstm_episode:122, reward:-0.28, memory size:8615, time:10.75, info:Collision
2023-11-19 20:41:39, INFO: saclstm_episode:123, reward:0.03, memory size:8696, time:20.25, info:Timeout
2023-11-19 20:41:39, INFO: saclstm_episode:124, reward:0.02, memory size:8777, time:20.25, info:Timeout
2023-11-19 20:41:39, INFO: saclstm_episode:125, reward:-0.24, memory size:8810, time:8.25, info:Collision
2023-11-19 20:41:40, INFO: saclstm_episode:126, reward:0.00, memory size:8891, time:20.25, info:Timeout
2023-11-19 20:41:40, INFO: saclstm_episode:127, reward:0.03, memory size:8972, time:20.25, info:Timeout
2023-11-19 20:41:40, INFO: saclstm_episode:128, reward:-0.25, memory size:9040, time:17.00, info:Collision
2023-11-19 20:41:40, INFO: saclstm_episode:129, reward:-0.23, memory size:9073, time:8.25, info:Collision
2023-11-19 20:41:40, INFO: saclstm_episode:130, reward:0.02, memory size:9154, time:20.25, info:Timeout
2023-11-19 20:41:40, INFO: saclstm_episode:131, reward:-0.04, memory size:9235, time:20.25, info:Timeout
2023-11-19 20:41:41, INFO: saclstm_episode:132, reward:0.01, memory size:9316, time:20.25, info:Timeout
2023-11-19 20:41:41, INFO: saclstm_episode:133, reward:-0.27, memory size:9350, time:8.50, info:Collision
2023-11-19 20:41:41, INFO: saclstm_episode:134, reward:0.01, memory size:9431, time:20.25, info:Timeout
2023-11-19 20:41:41, INFO: saclstm_episode:135, reward:-0.01, memory size:9512, time:20.25, info:Timeout
2023-11-19 20:41:41, INFO: saclstm_episode:136, reward:-0.03, memory size:9593, time:20.25, info:Timeout
2023-11-19 20:41:41, INFO: saclstm_episode:137, reward:-0.01, memory size:9674, time:20.25, info:Timeout
2023-11-19 20:41:42, INFO: saclstm_episode:138, reward:-0.01, memory size:9755, time:20.25, info:Timeout
2023-11-19 20:41:42, INFO: saclstm_episode:139, reward:0.01, memory size:9836, time:20.25, info:Timeout
2023-11-19 20:41:42, INFO: saclstm_episode:140, reward:0.03, memory size:9917, time:20.25, info:Timeout
2023-11-19 20:41:42, INFO: saclstm_episode:141, reward:0.01, memory size:9998, time:20.25, info:Timeout
2023-11-19 20:41:42, INFO: saclstm_episode:142, reward:0.00, memory size:10079, time:20.25, info:Timeout
2023-11-19 20:41:42, INFO: saclstm_episode:143, reward:-0.28, memory size:10121, time:10.50, info:Collision
2023-11-19 20:41:42, INFO: saclstm_episode:144, reward:-0.00, memory size:10202, time:20.25, info:Timeout
2023-11-19 20:41:43, INFO: saclstm_episode:145, reward:-0.03, memory size:10283, time:20.25, info:Timeout
2023-11-19 20:41:43, INFO: saclstm_episode:146, reward:-0.31, memory size:10342, time:14.75, info:Collision
2023-11-19 20:41:43, INFO: saclstm_episode:147, reward:0.02, memory size:10423, time:20.25, info:Timeout
2023-11-19 20:41:43, INFO: saclstm_episode:148, reward:-0.25, memory size:10481, time:14.50, info:Collision
2023-11-19 20:41:43, INFO: saclstm_episode:149, reward:-0.01, memory size:10562, time:20.25, info:Timeout
2023-11-19 20:41:43, INFO: saclstm_episode:150, reward:0.02, memory size:10643, time:20.25, info:Timeout
2023-11-19 20:41:43, INFO: saclstm_episode:151, reward:0.04, memory size:10724, time:20.25, info:Timeout
2023-11-19 20:41:44, INFO: saclstm_episode:152, reward:-0.26, memory size:10760, time:9.00, info:Collision
2023-11-19 20:41:44, INFO: saclstm_episode:153, reward:0.00, memory size:10841, time:20.25, info:Timeout
2023-11-19 20:41:44, INFO: saclstm_episode:154, reward:-0.24, memory size:10873, time:8.00, info:Collision
2023-11-19 20:41:44, INFO: saclstm_episode:155, reward:0.06, memory size:10954, time:20.25, info:Timeout
2023-11-19 20:41:44, INFO: saclstm_episode:156, reward:-0.28, memory size:10995, time:10.25, info:Collision
2023-11-19 20:41:44, INFO: saclstm_episode:157, reward:-0.01, memory size:11076, time:20.25, info:Timeout
2023-11-19 20:41:45, INFO: saclstm_episode:158, reward:0.08, memory size:11157, time:20.25, info:Timeout
2023-11-19 20:41:45, INFO: saclstm_episode:159, reward:-0.26, memory size:11196, time:9.75, info:Collision
2023-11-19 20:41:45, INFO: saclstm_episode:160, reward:-0.01, memory size:11277, time:20.25, info:Timeout
2023-11-19 20:41:45, INFO: saclstm_episode:161, reward:0.05, memory size:11358, time:20.25, info:Timeout
2023-11-19 20:41:45, INFO: saclstm_episode:162, reward:-0.27, memory size:11396, time:9.50, info:Collision
2023-11-19 20:41:45, INFO: saclstm_episode:163, reward:-0.22, memory size:11432, time:9.00, info:Collision
2023-11-19 20:41:45, INFO: saclstm_episode:164, reward:-0.23, memory size:11478, time:11.50, info:Collision
2023-11-19 20:41:45, INFO: saclstm_episode:165, reward:-0.26, memory size:11522, time:11.00, info:Collision
2023-11-19 20:41:46, INFO: saclstm_episode:166, reward:-0.00, memory size:11603, time:20.25, info:Timeout
2023-11-19 20:41:46, INFO: saclstm_episode:167, reward:-0.01, memory size:11684, time:20.25, info:Timeout
2023-11-19 20:41:46, INFO: saclstm_episode:168, reward:-0.30, memory size:11724, time:10.00, info:Collision
2023-11-19 20:41:46, INFO: saclstm_episode:169, reward:0.03, memory size:11805, time:20.25, info:Timeout
2023-11-19 20:41:46, INFO: saclstm_episode:170, reward:-0.29, memory size:11860, time:13.75, info:Collision
2023-11-19 20:41:47, INFO: saclstm_episode:171, reward:-0.23, memory size:11888, time:7.00, info:Collision
2023-11-19 20:41:47, INFO: saclstm_episode:172, reward:-0.26, memory size:11927, time:9.75, info:Collision
2023-11-19 20:41:47, INFO: saclstm_episode:173, reward:-0.24, memory size:11995, time:17.00, info:Collision
2023-11-19 20:41:47, INFO: saclstm_episode:174, reward:0.04, memory size:12076, time:20.25, info:Timeout
2023-11-19 20:41:47, INFO: saclstm_episode:175, reward:0.02, memory size:12157, time:20.25, info:Timeout
2023-11-19 20:41:47, INFO: saclstm_episode:176, reward:0.03, memory size:12238, time:20.25, info:Timeout
2023-11-19 20:41:48, INFO: saclstm_episode:177, reward:0.03, memory size:12319, time:20.25, info:Timeout
2023-11-19 20:41:48, INFO: saclstm_episode:178, reward:-0.23, memory size:12361, time:10.50, info:Collision
2023-11-19 20:41:48, INFO: saclstm_episode:179, reward:-0.22, memory size:12392, time:7.75, info:Collision
2023-11-19 20:41:48, INFO: saclstm_episode:180, reward:-0.33, memory size:12463, time:17.75, info:Collision
2023-11-19 20:41:48, INFO: saclstm_episode:181, reward:-0.24, memory size:12492, time:7.25, info:Collision
2023-11-19 20:41:48, INFO: saclstm_episode:182, reward:-0.20, memory size:12568, time:19.00, info:Collision
2023-11-19 20:41:48, INFO: saclstm_episode:183, reward:-0.25, memory size:12598, time:7.50, info:Collision
2023-11-19 20:41:48, INFO: saclstm_episode:184, reward:-0.27, memory size:12641, time:10.75, info:Collision
2023-11-19 20:41:49, INFO: saclstm_episode:185, reward:0.05, memory size:12722, time:20.25, info:Timeout
2023-11-19 20:41:49, INFO: saclstm_episode:186, reward:0.03, memory size:12803, time:20.25, info:Timeout
2023-11-19 20:41:49, INFO: saclstm_episode:187, reward:-0.24, memory size:12831, time:7.00, info:Collision
2023-11-19 20:41:49, INFO: saclstm_episode:188, reward:-0.27, memory size:12859, time:7.00, info:Collision
2023-11-19 20:41:49, INFO: saclstm_episode:189, reward:0.04, memory size:12940, time:20.25, info:Timeout
2023-11-19 20:41:49, INFO: saclstm_episode:190, reward:0.03, memory size:13021, time:20.25, info:Timeout
2023-11-19 20:41:49, INFO: saclstm_episode:191, reward:-0.28, memory size:13065, time:11.00, info:Collision
2023-11-19 20:41:50, INFO: saclstm_episode:192, reward:0.05, memory size:13146, time:20.25, info:Timeout
2023-11-19 20:41:50, INFO: saclstm_episode:193, reward:-0.23, memory size:13178, time:8.00, info:Collision
2023-11-19 20:41:50, INFO: saclstm_episode:194, reward:-0.24, memory size:13236, time:14.50, info:Collision
2023-11-19 20:41:50, INFO: saclstm_episode:195, reward:0.08, memory size:13317, time:20.25, info:Timeout
2023-11-19 20:41:50, INFO: saclstm_episode:196, reward:0.04, memory size:13398, time:20.25, info:Timeout
2023-11-19 20:41:50, INFO: saclstm_episode:197, reward:-0.21, memory size:13445, time:11.75, info:Collision
2023-11-19 20:41:50, INFO: saclstm_episode:198, reward:0.06, memory size:13526, time:20.25, info:Timeout
2023-11-19 20:41:51, INFO: saclstm_episode:199, reward:0.05, memory size:13607, time:20.25, info:Timeout
2023-11-19 20:41:51, INFO: saclstm_episode:200, reward:0.02, memory size:13688, time:20.25, info:Timeout
2023-11-19 20:41:51, INFO: saclstm_episode:201, reward:-0.23, memory size:13715, time:6.75, info:Collision
2023-11-19 20:41:51, INFO: saclstm_episode:202, reward:-0.23, memory size:13745, time:7.50, info:Collision
2023-11-19 20:41:51, INFO: saclstm_episode:203, reward:0.05, memory size:13826, time:20.25, info:Timeout
2023-11-19 20:41:51, INFO: saclstm_episode:204, reward:0.10, memory size:13907, time:20.25, info:Timeout
2023-11-19 20:41:51, INFO: saclstm_episode:205, reward:0.09, memory size:13988, time:20.25, info:Timeout
2023-11-19 20:41:52, INFO: saclstm_episode:206, reward:0.08, memory size:14069, time:20.25, info:Timeout
2023-11-19 20:41:52, INFO: saclstm_episode:207, reward:0.05, memory size:14150, time:20.25, info:Timeout
2023-11-19 20:41:52, INFO: saclstm_episode:208, reward:0.06, memory size:14231, time:20.25, info:Timeout
2023-11-19 20:41:52, INFO: saclstm_episode:209, reward:0.01, memory size:14312, time:20.25, info:Timeout
2023-11-19 20:41:52, INFO: saclstm_episode:210, reward:-0.21, memory size:14342, time:7.50, info:Collision
2023-11-19 20:41:52, INFO: saclstm_episode:211, reward:0.08, memory size:14423, time:20.25, info:Timeout
2023-11-19 20:41:53, INFO: saclstm_episode:212, reward:0.05, memory size:14504, time:20.25, info:Timeout
2023-11-19 20:41:53, INFO: saclstm_episode:213, reward:0.10, memory size:14585, time:20.25, info:Timeout
2023-11-19 20:41:53, INFO: saclstm_episode:214, reward:-0.21, memory size:14615, time:7.50, info:Collision
2023-11-19 20:41:53, INFO: saclstm_episode:215, reward:-0.21, memory size:14645, time:7.50, info:Collision
2023-11-19 20:41:53, INFO: saclstm_episode:216, reward:0.09, memory size:14726, time:20.25, info:Timeout
2023-11-19 20:41:53, INFO: saclstm_episode:217, reward:0.03, memory size:14807, time:20.25, info:Timeout
2023-11-19 20:41:53, INFO: saclstm_episode:218, reward:0.00, memory size:14888, time:20.25, info:Timeout
2023-11-19 20:41:54, INFO: saclstm_episode:219, reward:0.06, memory size:14969, time:20.25, info:Timeout
2023-11-19 20:41:54, INFO: saclstm_episode:220, reward:-0.26, memory size:14996, time:6.75, info:Collision
2023-11-19 20:41:54, INFO: saclstm_episode:221, reward:-0.21, memory size:15022, time:6.50, info:Collision
2023-11-19 20:41:54, INFO: saclstm_episode:222, reward:0.11, memory size:15103, time:20.25, info:Timeout
2023-11-19 20:41:54, INFO: saclstm_episode:223, reward:0.00, memory size:15184, time:20.25, info:Timeout
2023-11-19 20:41:54, INFO: saclstm_episode:224, reward:-0.29, memory size:15237, time:13.25, info:Collision
2023-11-19 20:41:54, INFO: saclstm_episode:225, reward:-0.24, memory size:15269, time:8.00, info:Collision
2023-11-19 20:41:55, INFO: saclstm_episode:226, reward:-0.26, memory size:15305, time:9.00, info:Collision
2023-11-19 20:41:55, INFO: saclstm_episode:227, reward:-0.24, memory size:15339, time:8.50, info:Collision
2023-11-19 20:41:55, INFO: saclstm_episode:228, reward:0.10, memory size:15420, time:20.25, info:Timeout
2023-11-19 20:41:55, INFO: saclstm_episode:229, reward:0.09, memory size:15501, time:20.25, info:Timeout
2023-11-19 20:41:55, INFO: saclstm_episode:230, reward:-0.23, memory size:15525, time:6.00, info:Collision
2023-11-19 20:41:55, INFO: saclstm_episode:231, reward:-0.23, memory size:15536, time:2.75, info:Collision
2023-11-19 20:41:55, INFO: saclstm_episode:232, reward:-0.23, memory size:15568, time:8.00, info:Collision
2023-11-19 20:41:55, INFO: saclstm_episode:233, reward:0.10, memory size:15649, time:20.25, info:Timeout
2023-11-19 20:41:56, INFO: saclstm_episode:234, reward:-0.21, memory size:15686, time:9.25, info:Collision
2023-11-19 20:41:56, INFO: saclstm_episode:235, reward:0.08, memory size:15767, time:20.25, info:Timeout
2023-11-19 20:41:56, INFO: saclstm_episode:236, reward:0.09, memory size:15848, time:20.25, info:Timeout
2023-11-19 20:41:56, INFO: saclstm_episode:237, reward:0.04, memory size:15929, time:20.25, info:Timeout
2023-11-19 20:41:56, INFO: saclstm_episode:238, reward:-0.22, memory size:15955, time:6.50, info:Collision
2023-11-19 20:41:56, INFO: saclstm_episode:239, reward:-0.24, memory size:15980, time:6.25, info:Collision
2023-11-19 20:41:57, INFO: saclstm_episode:240, reward:0.04, memory size:16061, time:20.25, info:Timeout
2023-11-19 20:41:57, INFO: saclstm_episode:241, reward:0.08, memory size:16142, time:20.25, info:Timeout
2023-11-19 20:41:57, INFO: saclstm_episode:242, reward:-0.24, memory size:16176, time:8.50, info:Collision
2023-11-19 20:41:57, INFO: saclstm_episode:243, reward:-0.26, memory size:16209, time:8.25, info:Collision
2023-11-19 20:41:57, INFO: saclstm_episode:244, reward:0.06, memory size:16290, time:20.25, info:Timeout
2023-11-19 20:41:58, INFO: saclstm_episode:245, reward:0.07, memory size:16371, time:20.25, info:Timeout
2023-11-19 20:41:58, INFO: saclstm_episode:246, reward:0.03, memory size:16452, time:20.25, info:Timeout
2023-11-19 20:41:58, INFO: saclstm_episode:247, reward:-0.29, memory size:16491, time:9.75, info:Collision
2023-11-19 20:41:58, INFO: saclstm_episode:248, reward:-0.20, memory size:16511, time:5.00, info:Collision
2023-11-19 20:41:58, INFO: saclstm_episode:249, reward:-0.23, memory size:16555, time:11.00, info:Collision
2023-11-19 20:41:58, INFO: saclstm_episode:250, reward:0.09, memory size:16636, time:20.25, info:Timeout
2023-11-19 20:41:58, INFO: saclstm_episode:251, reward:0.09, memory size:16717, time:20.25, info:Timeout
2023-11-19 20:41:59, INFO: saclstm_episode:252, reward:0.09, memory size:16798, time:20.25, info:Timeout
2023-11-19 20:41:59, INFO: saclstm_episode:253, reward:-0.21, memory size:16833, time:8.75, info:Collision
2023-11-19 20:41:59, INFO: saclstm_episode:254, reward:-0.22, memory size:16860, time:6.75, info:Collision
2023-11-19 20:41:59, INFO: saclstm_episode:255, reward:0.05, memory size:16941, time:20.25, info:Timeout
2023-11-19 20:41:59, INFO: saclstm_episode:256, reward:-0.23, memory size:16969, time:7.00, info:Collision
2023-11-19 20:41:59, INFO: saclstm_episode:257, reward:-0.25, memory size:17000, time:7.75, info:Collision
2023-11-19 20:42:00, INFO: saclstm_episode:258, reward:0.09, memory size:17081, time:20.25, info:Timeout
2023-11-19 20:42:00, INFO: saclstm_episode:259, reward:-0.25, memory size:17113, time:8.00, info:Collision
2023-11-19 20:42:00, INFO: saclstm_episode:260, reward:0.07, memory size:17194, time:20.25, info:Timeout
2023-11-19 20:42:00, INFO: saclstm_episode:261, reward:0.06, memory size:17275, time:20.25, info:Timeout
2023-11-19 20:42:00, INFO: saclstm_episode:262, reward:-0.25, memory size:17303, time:7.00, info:Collision
2023-11-19 20:42:00, INFO: saclstm_episode:263, reward:-0.22, memory size:17327, time:6.00, info:Collision
2023-11-19 20:42:01, INFO: saclstm_episode:264, reward:-0.21, memory size:17381, time:13.50, info:Collision
2023-11-19 20:42:01, INFO: saclstm_episode:265, reward:-0.22, memory size:17406, time:6.25, info:Collision
2023-11-19 20:42:01, INFO: saclstm_episode:266, reward:0.05, memory size:17487, time:20.25, info:Timeout
2023-11-19 20:42:01, INFO: saclstm_episode:267, reward:0.05, memory size:17568, time:20.25, info:Timeout
2023-11-19 20:42:01, INFO: saclstm_episode:268, reward:0.04, memory size:17649, time:20.25, info:Timeout
2023-11-19 20:42:01, INFO: saclstm_episode:269, reward:0.09, memory size:17730, time:20.25, info:Timeout
2023-11-19 20:42:02, INFO: saclstm_episode:270, reward:0.09, memory size:17811, time:20.25, info:Timeout
2023-11-19 20:42:02, INFO: saclstm_episode:271, reward:-0.25, memory size:17856, time:11.25, info:Collision
2023-11-19 20:42:02, INFO: saclstm_episode:272, reward:0.04, memory size:17937, time:20.25, info:Timeout
2023-11-19 20:42:02, INFO: saclstm_episode:273, reward:0.10, memory size:18018, time:20.25, info:Timeout
2023-11-19 20:42:02, INFO: saclstm_episode:274, reward:-0.25, memory size:18070, time:13.00, info:Collision
2023-11-19 20:42:02, INFO: saclstm_episode:275, reward:-0.22, memory size:18095, time:6.25, info:Collision
2023-11-19 20:42:03, INFO: saclstm_episode:276, reward:0.05, memory size:18176, time:20.25, info:Timeout
2023-11-19 20:42:03, INFO: saclstm_episode:277, reward:-0.22, memory size:18204, time:7.00, info:Collision
2023-11-19 20:42:03, INFO: saclstm_episode:278, reward:-0.21, memory size:18228, time:6.00, info:Collision
2023-11-19 20:42:03, INFO: saclstm_episode:279, reward:0.10, memory size:18309, time:20.25, info:Timeout
2023-11-19 20:42:03, INFO: saclstm_episode:280, reward:0.08, memory size:18390, time:20.25, info:Timeout
2023-11-19 20:42:03, INFO: saclstm_episode:281, reward:-0.21, memory size:18415, time:6.25, info:Collision
2023-11-19 20:42:03, INFO: saclstm_episode:282, reward:0.07, memory size:18496, time:20.25, info:Timeout
2023-11-19 20:42:04, INFO: saclstm_episode:283, reward:0.05, memory size:18577, time:20.25, info:Timeout
2023-11-19 20:42:04, INFO: saclstm_episode:284, reward:0.13, memory size:18658, time:20.25, info:Timeout
2023-11-19 20:42:04, INFO: saclstm_episode:285, reward:0.09, memory size:18739, time:20.25, info:Timeout
2023-11-19 20:42:04, INFO: saclstm_episode:286, reward:0.10, memory size:18820, time:20.25, info:Timeout
2023-11-19 20:42:04, INFO: saclstm_episode:287, reward:0.10, memory size:18901, time:20.25, info:Timeout
2023-11-19 20:42:04, INFO: saclstm_episode:288, reward:-0.24, memory size:18934, time:8.25, info:Collision
2023-11-19 20:42:05, INFO: saclstm_episode:289, reward:0.10, memory size:19015, time:20.25, info:Timeout
2023-11-19 20:42:05, INFO: saclstm_episode:290, reward:0.04, memory size:19096, time:20.25, info:Timeout
2023-11-19 20:42:05, INFO: saclstm_episode:291, reward:-0.20, memory size:19123, time:6.75, info:Collision
2023-11-19 20:42:05, INFO: saclstm_episode:292, reward:0.06, memory size:19204, time:20.25, info:Timeout
2023-11-19 20:42:05, INFO: saclstm_episode:293, reward:0.08, memory size:19285, time:20.25, info:Timeout
2023-11-19 20:42:05, INFO: saclstm_episode:294, reward:0.05, memory size:19366, time:20.25, info:Timeout
2023-11-19 20:42:05, INFO: saclstm_episode:295, reward:-0.23, memory size:19388, time:5.50, info:Collision
2023-11-19 20:42:06, INFO: saclstm_episode:296, reward:0.09, memory size:19469, time:20.25, info:Timeout
2023-11-19 20:42:06, INFO: saclstm_episode:297, reward:0.11, memory size:19550, time:20.25, info:Timeout
2023-11-19 20:42:06, INFO: saclstm_episode:298, reward:-0.25, memory size:19590, time:10.00, info:Collision
2023-11-19 20:42:06, INFO: saclstm_episode:299, reward:-0.25, memory size:19625, time:8.75, info:Collision
2023-11-19 20:42:06, INFO: saclstm_episode:300, reward:0.09, memory size:19706, time:20.25, info:Timeout
2023-11-19 20:42:06, INFO: saclstm_episode:301, reward:-0.22, memory size:19732, time:6.50, info:Collision
2023-11-19 20:42:07, INFO: saclstm_episode:302, reward:-0.20, memory size:19754, time:5.50, info:Collision
2023-11-19 20:42:07, INFO: saclstm_episode:303, reward:-0.21, memory size:19775, time:5.25, info:Collision
2023-11-19 20:42:07, INFO: saclstm_episode:304, reward:-0.22, memory size:19807, time:8.00, info:Collision
2023-11-19 20:42:07, INFO: saclstm_episode:305, reward:-0.22, memory size:19836, time:7.25, info:Collision
2023-11-19 20:42:07, INFO: saclstm_episode:306, reward:-0.23, memory size:19869, time:8.25, info:Collision
2023-11-19 20:42:07, INFO: saclstm_episode:307, reward:0.12, memory size:19950, time:20.25, info:Timeout
2023-11-19 20:42:07, INFO: saclstm_episode:308, reward:0.11, memory size:20031, time:20.25, info:Timeout
2023-11-19 20:42:07, INFO: saclstm_episode:309, reward:0.09, memory size:20112, time:20.25, info:Timeout
2023-11-19 20:42:08, INFO: saclstm_episode:310, reward:0.09, memory size:20193, time:20.25, info:Timeout
2023-11-19 20:42:08, INFO: saclstm_episode:311, reward:-0.21, memory size:20225, time:8.00, info:Collision
2023-11-19 20:42:08, INFO: saclstm_episode:312, reward:0.06, memory size:20306, time:20.25, info:Timeout
2023-11-19 20:42:08, INFO: saclstm_episode:313, reward:-0.24, memory size:20335, time:7.25, info:Collision
2023-11-19 20:42:08, INFO: saclstm_episode:314, reward:-0.21, memory size:20363, time:7.00, info:Collision
2023-11-19 20:42:08, INFO: saclstm_episode:315, reward:-0.23, memory size:20384, time:5.25, info:Collision
2023-11-19 20:42:08, INFO: saclstm_episode:316, reward:-0.23, memory size:20414, time:7.50, info:Collision
2023-11-19 20:42:08, INFO: saclstm_episode:317, reward:-0.25, memory size:20452, time:9.50, info:Collision
2023-11-19 20:42:09, INFO: saclstm_episode:318, reward:-0.23, memory size:20480, time:7.00, info:Collision
2023-11-19 20:42:09, INFO: saclstm_episode:319, reward:0.07, memory size:20561, time:20.25, info:Timeout
2023-11-19 20:42:09, INFO: saclstm_episode:320, reward:0.13, memory size:20642, time:20.25, info:Timeout
2023-11-19 20:42:09, INFO: saclstm_episode:321, reward:-0.25, memory size:20670, time:7.00, info:Collision
2023-11-19 20:42:09, INFO: saclstm_episode:322, reward:0.06, memory size:20751, time:20.25, info:Timeout
2023-11-19 20:42:09, INFO: saclstm_episode:323, reward:0.08, memory size:20832, time:20.25, info:Timeout
2023-11-19 20:42:10, INFO: saclstm_episode:324, reward:0.07, memory size:20913, time:20.25, info:Timeout
2023-11-19 20:42:10, INFO: saclstm_episode:325, reward:0.12, memory size:20994, time:20.25, info:Timeout
2023-11-19 20:42:10, INFO: saclstm_episode:326, reward:-0.22, memory size:21022, time:7.00, info:Collision
2023-11-19 20:42:10, INFO: saclstm_episode:327, reward:0.11, memory size:21103, time:20.25, info:Timeout
2023-11-19 20:42:10, INFO: saclstm_episode:328, reward:0.09, memory size:21184, time:20.25, info:Timeout
2023-11-19 20:42:10, INFO: saclstm_episode:329, reward:-0.24, memory size:21207, time:5.75, info:Collision
2023-11-19 20:42:11, INFO: saclstm_episode:330, reward:-0.15, memory size:21276, time:17.25, info:Collision
2023-11-19 20:42:11, INFO: saclstm_episode:331, reward:0.12, memory size:21357, time:20.25, info:Timeout
2023-11-19 20:42:11, INFO: saclstm_episode:332, reward:-0.22, memory size:21381, time:6.00, info:Collision
2023-11-19 20:42:11, INFO: saclstm_episode:333, reward:0.04, memory size:21462, time:20.25, info:Timeout
2023-11-19 20:42:11, INFO: saclstm_episode:334, reward:-0.27, memory size:21487, time:6.25, info:Collision
2023-11-19 20:42:12, INFO: saclstm_episode:335, reward:0.09, memory size:21568, time:20.25, info:Timeout
2023-11-19 20:42:12, INFO: saclstm_episode:336, reward:0.08, memory size:21649, time:20.25, info:Timeout
2023-11-19 20:42:12, INFO: saclstm_episode:337, reward:-0.21, memory size:21673, time:6.00, info:Collision
2023-11-19 20:42:12, INFO: saclstm_episode:338, reward:0.11, memory size:21754, time:20.25, info:Timeout
2023-11-19 20:42:12, INFO: saclstm_episode:339, reward:0.12, memory size:21835, time:20.25, info:Timeout
2023-11-19 20:42:12, INFO: saclstm_episode:340, reward:-0.20, memory size:21861, time:6.50, info:Collision
2023-11-19 20:42:12, INFO: saclstm_episode:341, reward:-0.14, memory size:21926, time:16.25, info:Collision
2023-11-19 20:42:13, INFO: saclstm_episode:342, reward:0.12, memory size:22007, time:20.25, info:Timeout
2023-11-19 20:42:13, INFO: saclstm_episode:343, reward:0.07, memory size:22088, time:20.25, info:Timeout
2023-11-19 20:42:13, INFO: saclstm_episode:344, reward:0.10, memory size:22169, time:20.25, info:Timeout
2023-11-19 20:42:13, INFO: saclstm_episode:345, reward:0.12, memory size:22250, time:20.25, info:Timeout
2023-11-19 20:42:13, INFO: saclstm_episode:346, reward:0.10, memory size:22331, time:20.25, info:Timeout
2023-11-19 20:42:13, INFO: saclstm_episode:347, reward:-0.25, memory size:22363, time:8.00, info:Collision
2023-11-19 20:42:13, INFO: saclstm_episode:348, reward:-0.22, memory size:22414, time:12.75, info:Collision
2023-11-19 20:42:14, INFO: saclstm_episode:349, reward:0.10, memory size:22495, time:20.25, info:Timeout
2023-11-19 20:42:14, INFO: saclstm_episode:350, reward:0.10, memory size:22576, time:20.25, info:Timeout
2023-11-19 20:42:14, INFO: saclstm_episode:351, reward:0.07, memory size:22657, time:20.25, info:Timeout
2023-11-19 20:42:14, INFO: saclstm_episode:352, reward:0.12, memory size:22738, time:20.25, info:Timeout
2023-11-19 20:42:14, INFO: saclstm_episode:353, reward:-0.16, memory size:22817, time:19.75, info:Collision
2023-11-19 20:42:14, INFO: saclstm_episode:354, reward:-0.22, memory size:22838, time:5.25, info:Collision
2023-11-19 20:42:15, INFO: saclstm_episode:355, reward:-0.23, memory size:22864, time:6.50, info:Collision
2023-11-19 20:42:15, INFO: saclstm_episode:356, reward:-0.23, memory size:22887, time:5.75, info:Collision
2023-11-19 20:42:15, INFO: saclstm_episode:357, reward:0.09, memory size:22968, time:20.25, info:Timeout
2023-11-19 20:42:15, INFO: saclstm_episode:358, reward:-0.26, memory size:22996, time:7.00, info:Collision
2023-11-19 20:42:15, INFO: saclstm_episode:359, reward:0.12, memory size:23077, time:20.25, info:Timeout
2023-11-19 20:42:15, INFO: saclstm_episode:360, reward:-0.22, memory size:23100, time:5.75, info:Collision
2023-11-19 20:42:15, INFO: saclstm_episode:361, reward:-0.23, memory size:23129, time:7.25, info:Collision
2023-11-19 20:42:15, INFO: saclstm_episode:362, reward:0.08, memory size:23210, time:20.25, info:Timeout
2023-11-19 20:42:16, INFO: saclstm_episode:363, reward:0.07, memory size:23291, time:20.25, info:Timeout
2023-11-19 20:42:16, INFO: saclstm_episode:364, reward:0.10, memory size:23372, time:20.25, info:Timeout
2023-11-19 20:42:16, INFO: saclstm_episode:365, reward:-0.26, memory size:23378, time:1.50, info:Collision
2023-11-19 20:42:16, INFO: saclstm_episode:366, reward:0.08, memory size:23459, time:20.25, info:Timeout
2023-11-19 20:42:16, INFO: saclstm_episode:367, reward:-0.23, memory size:23504, time:11.25, info:Collision
2023-11-19 20:42:16, INFO: saclstm_episode:368, reward:-0.24, memory size:23518, time:3.50, info:Collision
2023-11-19 20:42:16, INFO: saclstm_episode:369, reward:-0.22, memory size:23543, time:6.25, info:Collision
2023-11-19 20:42:16, INFO: saclstm_episode:370, reward:0.08, memory size:23624, time:20.25, info:Timeout
2023-11-19 20:42:17, INFO: saclstm_episode:371, reward:-0.22, memory size:23648, time:6.00, info:Collision
2023-11-19 20:42:17, INFO: saclstm_episode:372, reward:-0.22, memory size:23683, time:8.75, info:Collision
2023-11-19 20:42:17, INFO: saclstm_episode:373, reward:-0.20, memory size:23709, time:6.50, info:Collision
2023-11-19 20:42:17, INFO: saclstm_episode:374, reward:-0.24, memory size:23734, time:6.25, info:Collision
2023-11-19 20:42:17, INFO: saclstm_episode:375, reward:0.12, memory size:23815, time:20.25, info:Timeout
2023-11-19 20:42:17, INFO: saclstm_episode:376, reward:0.11, memory size:23896, time:20.25, info:Timeout
2023-11-19 20:42:17, INFO: saclstm_episode:377, reward:-0.21, memory size:23934, time:9.50, info:Collision
2023-11-19 20:42:17, INFO: saclstm_episode:378, reward:0.11, memory size:24015, time:20.25, info:Timeout
2023-11-19 20:42:18, INFO: saclstm_episode:379, reward:-0.22, memory size:24040, time:6.25, info:Collision
2023-11-19 20:42:18, INFO: saclstm_episode:380, reward:0.10, memory size:24121, time:20.25, info:Timeout
2023-11-19 20:42:18, INFO: saclstm_episode:381, reward:0.09, memory size:24202, time:20.25, info:Timeout
2023-11-19 20:42:18, INFO: saclstm_episode:382, reward:0.09, memory size:24283, time:20.25, info:Timeout
2023-11-19 20:42:18, INFO: saclstm_episode:383, reward:-0.21, memory size:24322, time:9.75, info:Collision
2023-11-19 20:42:18, INFO: saclstm_episode:384, reward:-0.16, memory size:24395, time:18.25, info:Collision
2023-11-19 20:42:18, INFO: saclstm_episode:385, reward:0.10, memory size:24476, time:20.25, info:Timeout
2023-11-19 20:42:19, INFO: saclstm_episode:386, reward:-0.14, memory size:24534, time:14.50, info:Collision
2023-11-19 20:42:19, INFO: saclstm_episode:387, reward:-0.22, memory size:24565, time:7.75, info:Collision
2023-11-19 20:42:19, INFO: saclstm_episode:388, reward:0.07, memory size:24646, time:20.25, info:Timeout
2023-11-19 20:42:19, INFO: saclstm_episode:389, reward:0.11, memory size:24727, time:20.25, info:Timeout
2023-11-19 20:42:19, INFO: saclstm_episode:390, reward:-0.21, memory size:24755, time:7.00, info:Collision
2023-11-19 20:42:19, INFO: saclstm_episode:391, reward:0.12, memory size:24836, time:20.25, info:Timeout
2023-11-19 20:42:20, INFO: saclstm_episode:392, reward:0.12, memory size:24917, time:20.25, info:Timeout
2023-11-19 20:42:20, INFO: saclstm_episode:393, reward:-0.22, memory size:24939, time:5.50, info:Collision
2023-11-19 20:42:20, INFO: saclstm_episode:394, reward:0.10, memory size:25020, time:20.25, info:Timeout
2023-11-19 20:42:20, INFO: saclstm_episode:395, reward:0.12, memory size:25101, time:20.25, info:Timeout
2023-11-19 20:42:20, INFO: saclstm_episode:396, reward:0.11, memory size:25182, time:20.25, info:Timeout
2023-11-19 20:42:20, INFO: saclstm_episode:397, reward:-0.25, memory size:25210, time:7.00, info:Collision
2023-11-19 20:42:20, INFO: saclstm_episode:398, reward:-0.24, memory size:25244, time:8.50, info:Collision
2023-11-19 20:42:21, INFO: saclstm_episode:399, reward:0.09, memory size:25325, time:20.25, info:Timeout
2023-11-19 20:42:21, INFO: saclstm_episode:400, reward:0.10, memory size:25406, time:20.25, info:Timeout
2023-11-19 20:42:21, INFO: saclstm_episode:401, reward:-0.15, memory size:25467, time:15.25, info:Collision
2023-11-19 20:42:21, INFO: saclstm_episode:402, reward:-0.23, memory size:25488, time:5.25, info:Collision
2023-11-19 20:42:21, INFO: saclstm_episode:403, reward:0.11, memory size:25569, time:20.25, info:Timeout
2023-11-19 20:42:21, INFO: saclstm_episode:404, reward:-0.23, memory size:25598, time:7.25, info:Collision
2023-11-19 20:42:21, INFO: saclstm_episode:405, reward:0.12, memory size:25679, time:20.25, info:Timeout
2023-11-19 20:42:22, INFO: saclstm_episode:406, reward:0.10, memory size:25760, time:20.25, info:Timeout
2023-11-19 20:42:22, INFO: saclstm_episode:407, reward:-0.25, memory size:25769, time:2.25, info:Collision
2023-11-19 20:42:22, INFO: saclstm_episode:408, reward:0.07, memory size:25850, time:20.25, info:Timeout
2023-11-19 20:42:22, INFO: saclstm_episode:409, reward:-0.22, memory size:25876, time:6.50, info:Collision
2023-11-19 20:42:22, INFO: saclstm_episode:410, reward:0.14, memory size:25957, time:20.25, info:Timeout
2023-11-19 20:42:22, INFO: saclstm_episode:411, reward:-0.21, memory size:25981, time:6.00, info:Collision
2023-11-19 20:42:22, INFO: saclstm_episode:412, reward:-0.17, memory size:26058, time:19.25, info:Collision
2023-11-19 20:42:23, INFO: saclstm_episode:413, reward:0.13, memory size:26139, time:20.25, info:Timeout
2023-11-19 20:42:23, INFO: saclstm_episode:414, reward:-0.26, memory size:26176, time:9.25, info:Collision
2023-11-19 20:42:23, INFO: saclstm_episode:415, reward:-0.20, memory size:26205, time:7.25, info:Collision
2023-11-19 20:42:23, INFO: saclstm_episode:416, reward:-0.15, memory size:26263, time:14.50, info:Collision
2023-11-19 20:42:23, INFO: saclstm_episode:417, reward:-0.20, memory size:26287, time:6.00, info:Collision
2023-11-19 20:42:23, INFO: saclstm_episode:418, reward:-0.21, memory size:26311, time:6.00, info:Collision
2023-11-19 20:42:23, INFO: saclstm_episode:419, reward:-0.21, memory size:26338, time:6.75, info:Collision
2023-11-19 20:42:23, INFO: saclstm_episode:420, reward:0.08, memory size:26419, time:20.25, info:Timeout
2023-11-19 20:42:23, INFO: saclstm_episode:421, reward:0.12, memory size:26500, time:20.25, info:Timeout
2023-11-19 20:42:24, INFO: saclstm_episode:422, reward:-0.20, memory size:26520, time:5.00, info:Collision
2023-11-19 20:42:24, INFO: saclstm_episode:423, reward:-0.25, memory size:26546, time:6.50, info:Collision
2023-11-19 20:42:24, INFO: saclstm_episode:424, reward:-0.24, memory size:26571, time:6.25, info:Collision
2023-11-19 20:42:24, INFO: saclstm_episode:425, reward:-0.26, memory size:26598, time:6.75, info:Collision
2023-11-19 20:42:24, INFO: saclstm_episode:426, reward:1.15, memory size:26675, time:19.25, info:Reaching goal
2023-11-19 20:42:24, INFO: saclstm_episode:427, reward:0.14, memory size:26756, time:20.25, info:Timeout
2023-11-19 20:42:25, INFO: saclstm_episode:428, reward:0.07, memory size:26837, time:20.25, info:Timeout
2023-11-19 20:42:25, INFO: saclstm_episode:429, reward:-0.23, memory size:26862, time:6.25, info:Collision
2023-11-19 20:42:25, INFO: saclstm_episode:430, reward:-0.20, memory size:26890, time:7.00, info:Collision
2023-11-19 20:42:25, INFO: saclstm_episode:431, reward:-0.21, memory size:26916, time:6.50, info:Collision
2023-11-19 20:42:25, INFO: saclstm_episode:432, reward:-0.24, memory size:26943, time:6.75, info:Collision
2023-11-19 20:42:25, INFO: saclstm_episode:433, reward:-0.22, memory size:26971, time:7.00, info:Collision
2023-11-19 20:42:25, INFO: saclstm_episode:434, reward:0.06, memory size:27052, time:20.25, info:Timeout
2023-11-19 20:42:25, INFO: saclstm_episode:435, reward:-0.23, memory size:27074, time:5.50, info:Collision
2023-11-19 20:42:25, INFO: saclstm_episode:436, reward:0.15, memory size:27155, time:20.25, info:Timeout
2023-11-19 20:42:26, INFO: saclstm_episode:437, reward:-0.14, memory size:27221, time:16.50, info:Collision
2023-11-19 20:42:26, INFO: saclstm_episode:438, reward:0.13, memory size:27302, time:20.25, info:Timeout
2023-11-19 20:42:26, INFO: saclstm_episode:439, reward:-0.19, memory size:27332, time:7.50, info:Collision
2023-11-19 20:42:26, INFO: saclstm_episode:440, reward:-0.16, memory size:27407, time:18.75, info:Collision
2023-11-19 20:42:26, INFO: saclstm_episode:441, reward:-0.23, memory size:27432, time:6.25, info:Collision
2023-11-19 20:42:26, INFO: saclstm_episode:442, reward:1.15, memory size:27507, time:18.75, info:Reaching goal
2023-11-19 20:42:26, INFO: saclstm_episode:443, reward:0.10, memory size:27588, time:20.25, info:Timeout
2023-11-19 20:42:27, INFO: saclstm_episode:444, reward:-0.21, memory size:27620, time:8.00, info:Collision
2023-11-19 20:42:27, INFO: saclstm_episode:445, reward:-0.20, memory size:27640, time:5.00, info:Collision
2023-11-19 20:42:27, INFO: saclstm_episode:446, reward:-0.20, memory size:27663, time:5.75, info:Collision
2023-11-19 20:42:27, INFO: saclstm_episode:447, reward:-0.20, memory size:27690, time:6.75, info:Collision
2023-11-19 20:42:27, INFO: saclstm_episode:448, reward:0.14, memory size:27771, time:20.25, info:Timeout
2023-11-19 20:42:27, INFO: saclstm_episode:449, reward:-0.18, memory size:27842, time:17.75, info:Collision
2023-11-19 20:42:27, INFO: saclstm_episode:450, reward:-0.22, memory size:27861, time:4.75, info:Collision
2023-11-19 20:42:27, INFO: saclstm_episode:451, reward:-0.19, memory size:27915, time:13.50, info:Collision
2023-11-19 20:42:27, INFO: saclstm_episode:452, reward:-0.20, memory size:27938, time:5.75, info:Collision
2023-11-19 20:42:27, INFO: saclstm_episode:453, reward:-0.23, memory size:27945, time:1.75, info:Collision
2023-11-19 20:42:28, INFO: saclstm_episode:454, reward:-0.20, memory size:27964, time:4.75, info:Collision
2023-11-19 20:42:28, INFO: saclstm_episode:455, reward:-0.15, memory size:28031, time:16.75, info:Collision
2023-11-19 20:42:28, INFO: saclstm_episode:456, reward:-0.22, memory size:28055, time:6.00, info:Collision
2023-11-19 20:42:28, INFO: saclstm_episode:457, reward:0.13, memory size:28136, time:20.25, info:Timeout
2023-11-19 20:42:28, INFO: saclstm_episode:458, reward:-0.21, memory size:28154, time:4.50, info:Collision
2023-11-19 20:42:28, INFO: saclstm_episode:459, reward:0.09, memory size:28235, time:20.25, info:Timeout
2023-11-19 20:42:28, INFO: saclstm_episode:460, reward:0.12, memory size:28316, time:20.25, info:Timeout
2023-11-19 20:42:29, INFO: saclstm_episode:461, reward:-0.21, memory size:28351, time:8.75, info:Collision
2023-11-19 20:42:29, INFO: saclstm_episode:462, reward:-0.21, memory size:28373, time:5.50, info:Collision
2023-11-19 20:42:29, INFO: saclstm_episode:463, reward:-0.22, memory size:28416, time:10.75, info:Collision
2023-11-19 20:42:29, INFO: saclstm_episode:464, reward:-0.16, memory size:28493, time:19.25, info:Collision
2023-11-19 20:42:29, INFO: saclstm_episode:465, reward:0.15, memory size:28574, time:20.25, info:Timeout
2023-11-19 20:42:29, INFO: saclstm_episode:466, reward:-0.19, memory size:28603, time:7.25, info:Collision
2023-11-19 20:42:29, INFO: saclstm_episode:467, reward:-0.22, memory size:28622, time:4.75, info:Collision
2023-11-19 20:42:29, INFO: saclstm_episode:468, reward:-0.21, memory size:28651, time:7.25, info:Collision
2023-11-19 20:42:30, INFO: saclstm_episode:469, reward:-0.21, memory size:28684, time:8.25, info:Collision
2023-11-19 20:42:30, INFO: saclstm_episode:470, reward:0.14, memory size:28765, time:20.25, info:Timeout
2023-11-19 20:42:30, INFO: saclstm_episode:471, reward:0.12, memory size:28846, time:20.25, info:Timeout
2023-11-19 20:42:30, INFO: saclstm_episode:472, reward:-0.22, memory size:28872, time:6.50, info:Collision
2023-11-19 20:42:31, INFO: saclstm_episode:473, reward:-0.22, memory size:28898, time:6.50, info:Collision
2023-11-19 20:42:31, INFO: saclstm_episode:474, reward:-0.21, memory size:28922, time:6.00, info:Collision
2023-11-19 20:42:31, INFO: saclstm_episode:475, reward:-0.22, memory size:28949, time:6.75, info:Collision
2023-11-19 20:42:31, INFO: saclstm_episode:476, reward:-0.20, memory size:28972, time:5.75, info:Collision
2023-11-19 20:42:31, INFO: saclstm_episode:477, reward:-0.20, memory size:29039, time:16.75, info:Collision
2023-11-19 20:42:31, INFO: saclstm_episode:478, reward:-0.22, memory size:29068, time:7.25, info:Collision
2023-11-19 20:42:32, INFO: saclstm_episode:479, reward:-0.23, memory size:29091, time:5.75, info:Collision
2023-11-19 20:42:32, INFO: saclstm_episode:480, reward:-0.20, memory size:29125, time:8.50, info:Collision
2023-11-19 20:42:32, INFO: saclstm_episode:481, reward:-0.21, memory size:29144, time:4.75, info:Collision
2023-11-19 20:42:32, INFO: saclstm_episode:482, reward:-0.12, memory size:29203, time:14.75, info:Collision
2023-11-19 20:42:32, INFO: saclstm_episode:483, reward:-0.22, memory size:29231, time:7.00, info:Collision
2023-11-19 20:42:32, INFO: saclstm_episode:484, reward:1.14, memory size:29308, time:19.25, info:Reaching goal
2023-11-19 20:42:33, INFO: saclstm_episode:485, reward:-0.21, memory size:29335, time:6.75, info:Collision
2023-11-19 20:42:33, INFO: saclstm_episode:486, reward:-0.22, memory size:29363, time:7.00, info:Collision
2023-11-19 20:42:33, INFO: saclstm_episode:487, reward:-0.16, memory size:29438, time:18.75, info:Collision
2023-11-19 20:42:33, INFO: saclstm_episode:488, reward:-0.22, memory size:29462, time:6.00, info:Collision
2023-11-19 20:42:33, INFO: saclstm_episode:489, reward:-0.20, memory size:29484, time:5.50, info:Collision
2023-11-19 20:42:34, INFO: saclstm_episode:490, reward:0.10, memory size:29565, time:20.25, info:Timeout
2023-11-19 20:42:34, INFO: saclstm_episode:491, reward:0.14, memory size:29646, time:20.25, info:Timeout
2023-11-19 20:42:34, INFO: saclstm_episode:492, reward:0.12, memory size:29727, time:20.25, info:Timeout
2023-11-19 20:42:34, INFO: saclstm_episode:493, reward:0.07, memory size:29808, time:20.25, info:Timeout
2023-11-19 20:42:34, INFO: saclstm_episode:494, reward:-0.22, memory size:29833, time:6.25, info:Collision
2023-11-19 20:42:34, INFO: saclstm_episode:495, reward:0.13, memory size:29914, time:20.25, info:Timeout
2023-11-19 20:42:35, INFO: saclstm_episode:496, reward:0.12, memory size:29995, time:20.25, info:Timeout
2023-11-19 20:42:35, INFO: saclstm_episode:497, reward:-0.24, memory size:30017, time:5.50, info:Collision
2023-11-19 20:42:35, INFO: saclstm_episode:498, reward:-0.22, memory size:30042, time:6.25, info:Collision
2023-11-19 20:42:35, INFO: saclstm_episode:499, reward:0.12, memory size:30123, time:20.25, info:Timeout
2023-11-19 20:42:35, INFO: saclstm_episode:500, reward:-0.22, memory size:30142, time:4.75, info:Collision
2023-11-19 20:42:36, INFO: saclstm_episode:501, reward:-0.24, memory size:30170, time:7.00, info:Collision
2023-11-19 20:42:36, INFO: saclstm_episode:502, reward:0.12, memory size:30251, time:20.25, info:Timeout
2023-11-19 20:42:36, INFO: saclstm_episode:503, reward:-0.21, memory size:30277, time:6.50, info:Collision
2023-11-19 20:42:36, INFO: saclstm_episode:504, reward:-0.24, memory size:30291, time:3.50, info:Collision
2023-11-19 20:42:36, INFO: saclstm_episode:505, reward:-0.22, memory size:30323, time:8.00, info:Collision
2023-11-19 20:42:36, INFO: saclstm_episode:506, reward:-0.32, memory size:30356, time:8.25, info:Collision
2023-11-19 20:42:36, INFO: saclstm_episode:507, reward:-0.21, memory size:30383, time:6.75, info:Collision
2023-11-19 20:42:36, INFO: saclstm_episode:508, reward:-0.20, memory size:30407, time:6.00, info:Collision
2023-11-19 20:42:37, INFO: saclstm_episode:509, reward:-0.23, memory size:30434, time:6.75, info:Collision
2023-11-19 20:42:37, INFO: saclstm_episode:510, reward:-0.23, memory size:30458, time:6.00, info:Collision
2023-11-19 20:42:37, INFO: saclstm_episode:511, reward:-0.26, memory size:30462, time:1.00, info:Collision
2023-11-19 20:42:37, INFO: saclstm_episode:512, reward:-0.23, memory size:30487, time:6.25, info:Collision
2023-11-19 20:42:37, INFO: saclstm_episode:513, reward:-0.21, memory size:30513, time:6.50, info:Collision
2023-11-19 20:42:37, INFO: saclstm_episode:514, reward:-0.22, memory size:30543, time:7.50, info:Collision
2023-11-19 20:42:37, INFO: saclstm_episode:515, reward:-0.13, memory size:30605, time:15.50, info:Collision
2023-11-19 20:42:37, INFO: saclstm_episode:516, reward:-0.16, memory size:30668, time:15.75, info:Collision
2023-11-19 20:42:37, INFO: saclstm_episode:517, reward:-0.22, memory size:30696, time:7.00, info:Collision
2023-11-19 20:42:38, INFO: saclstm_episode:518, reward:-0.22, memory size:30721, time:6.25, info:Collision
2023-11-19 20:42:38, INFO: saclstm_episode:519, reward:-0.25, memory size:30748, time:6.75, info:Collision
2023-11-19 20:42:38, INFO: saclstm_episode:520, reward:-0.23, memory size:30774, time:6.50, info:Collision
2023-11-19 20:42:38, INFO: saclstm_episode:521, reward:-0.22, memory size:30798, time:6.00, info:Collision
2023-11-19 20:42:38, INFO: saclstm_episode:522, reward:0.12, memory size:30879, time:20.25, info:Timeout
2023-11-19 20:42:38, INFO: saclstm_episode:523, reward:-0.20, memory size:30940, time:15.25, info:Collision
2023-11-19 20:42:38, INFO: saclstm_episode:524, reward:-0.23, memory size:30965, time:6.25, info:Collision
2023-11-19 20:42:39, INFO: saclstm_episode:525, reward:0.15, memory size:31046, time:20.25, info:Timeout
2023-11-19 20:42:39, INFO: saclstm_episode:526, reward:-0.26, memory size:31058, time:3.00, info:Collision
2023-11-19 20:42:39, INFO: saclstm_episode:527, reward:-0.22, memory size:31084, time:6.50, info:Collision
2023-11-19 20:42:39, INFO: saclstm_episode:528, reward:-0.23, memory size:31108, time:6.00, info:Collision
2023-11-19 20:42:39, INFO: saclstm_episode:529, reward:-0.24, memory size:31122, time:3.50, info:Collision
2023-11-19 20:42:39, INFO: saclstm_episode:530, reward:-0.23, memory size:31151, time:7.25, info:Collision
